c:\users\slaba\desktop\uvic degree\comp sci\csc 473\assignment 1\anim\debug\vc142.pdb
c:\users\slaba\desktop\uvic degree\comp sci\csc 473\assignment 1\anim\debug\vc142.idb
c:\users\slaba\desktop\uvic degree\comp sci\csc 473\assignment 1\anim\debug\anim.obj
c:\users\slaba\desktop\uvic degree\comp sci\csc 473\assignment 1\anim\debug\animtcl.obj
c:\users\slaba\desktop\uvic degree\comp sci\csc 473\assignment 1\anim\debug\baseobject.obj
c:\users\slaba\desktop\uvic degree\comp sci\csc 473\assignment 1\anim\debug\basesimulator.obj
c:\users\slaba\desktop\uvic degree\comp sci\csc 473\assignment 1\anim\debug\globalresourcemanager.obj
c:\users\slaba\desktop\uvic degree\comp sci\csc 473\assignment 1\anim\debug\myscene.obj
c:\users\slaba\desktop\uvic degree\comp sci\csc 473\assignment 1\anim\debug\resourcemanager.obj
c:\users\slaba\desktop\uvic degree\comp sci\csc 473\assignment 1\anim\debug\samplegravitysimulator.obj
c:\users\slaba\desktop\uvic degree\comp sci\csc 473\assignment 1\anim\debug\sampleparticle.obj
c:\users\slaba\desktop\uvic degree\comp sci\csc 473\assignment 1\anim\debug\basesystem.obj
c:\users\slaba\desktop\uvic degree\comp sci\csc 473\assignment 1\anim\debug\updownsimulator.obj
c:\users\slaba\desktop\uvic degree\comp sci\csc 473\assignment 1\anim\debug\anim.tlog\cl.command.1.tlog
c:\users\slaba\desktop\uvic degree\comp sci\csc 473\assignment 1\anim\debug\anim.tlog\cl.read.1.tlog
c:\users\slaba\desktop\uvic degree\comp sci\csc 473\assignment 1\anim\debug\anim.tlog\cl.write.1.tlog
c:\users\slaba\desktop\uvic degree\comp sci\csc 473\assignment 1\anim\debug\anim.tlog\link-cvtres.read.1.tlog
c:\users\slaba\desktop\uvic degree\comp sci\csc 473\assignment 1\anim\debug\anim.tlog\link-cvtres.write.1.tlog
c:\users\slaba\desktop\uvic degree\comp sci\csc 473\assignment 1\anim\debug\anim.tlog\link-rc.read.1.tlog
c:\users\slaba\desktop\uvic degree\comp sci\csc 473\assignment 1\anim\debug\anim.tlog\link-rc.write.1.tlog
c:\users\slaba\desktop\uvic degree\comp sci\csc 473\assignment 1\anim\debug\anim.tlog\link.command.1.tlog
c:\users\slaba\desktop\uvic degree\comp sci\csc 473\assignment 1\anim\debug\anim.tlog\link.read.1.tlog
c:\users\slaba\desktop\uvic degree\comp sci\csc 473\assignment 1\anim\debug\anim.tlog\link.write.1.tlog
